{"time":"2025-08-11T21:56:49.178016-05:00","level":"INFO","msg":"gRPC listening :50051"}
{"time":"2025-08-11T22:03:08.3221263-05:00","level":"INFO","source":{"function":"github.com/tagoKoder/clinic/internal/handler.(*ExampleHandler).GetExample","file":"C:/Users/tagoa/OneDrive/Escritorio/Portfolio/microservice-workspace/clinic/internal/handler/example_handler.go","line":29},"msg":"GetExample called","trace_id":"18ce612e9e5cf6a5538aea26025576ae","span_id":"f5d6b86a0ef7ac19","example_id":"Andres"}
{"time":"2025-08-11T22:13:31.9468682-05:00","level":"INFO","msg":"failed to upload metrics: exporter export timeout: rpc error: code = Unavailable desc = connection error: desc = \"transport: Error while dialing: dial tcp [::1]:4317: connectex: No connection could be made because the target machine actively refused it.\""}
{"time":"2025-08-11T22:18:06.2420616-05:00","level":"INFO","msg":"gRPC listening :50051"}
{"time":"2025-08-11T22:29:37.5817912-05:00","level":"INFO","msg":"gRPC listening :50051"}
{"time":"2025-08-11T23:02:47.5800881-05:00","level":"INFO","msg":"failed to upload metrics: exporter export timeout: rpc error: code = Unavailable desc = connection error: desc = \"transport: Error while dialing: dial tcp [::1]:4317: connectex: No connection could be made because the target machine actively refused it.\""}
{"time":"2025-08-12T12:15:22.4435004-05:00","level":"INFO","msg":"gRPC listening :50051"}
{"time":"2025-08-12T12:17:55.5123786-05:00","level":"INFO","msg":"gRPC listening :50051"}
{"time":"2025-08-12T12:27:15.713549-05:00","level":"INFO","source":{"function":"github.com/tagoKoder/clinic/internal/handler.(*ExampleHandler).GetExample","file":"C:/Users/tagoa/OneDrive/Escritorio/Portfolio/microservice-workspace/clinic/internal/handler/example_handler.go","line":29},"msg":"GetExample called","trace_id":"af26aff813b0b78592689bde593cc5e6","span_id":"d4b371224d12ac9a","example_id":"Tago2"}
{"time":"2025-08-12T15:32:18.2025347-05:00","level":"INFO","msg":"gRPC listening :50051"}
{"time":"2025-08-12T15:32:28.1307594-05:00","level":"INFO","source":{"function":"github.com/tagoKoder/clinic/internal/handler.(*ExampleHandler).GetExample","file":"C:/Users/tagoa/OneDrive/Escritorio/Portfolio/microservice-workspace/clinic/internal/handler/example_handler.go","line":30},"msg":"GetExample called","trace_id":"131a8650c381da920e33709c35ec476d","span_id":"1be362a6b39ff462","example_id":"Tago3 error"}
{"time":"2025-08-12T15:33:30.6871442-05:00","level":"INFO","source":{"function":"github.com/tagoKoder/clinic/internal/handler.(*ExampleHandler).GetExample","file":"C:/Users/tagoa/OneDrive/Escritorio/Portfolio/microservice-workspace/clinic/internal/handler/example_handler.go","line":30},"msg":"GetExample called","trace_id":"6484de8e14919ae69054dc5fe7e4c62f","span_id":"399c5ca7c22d0d8b","example_id":"Tago4 error"}
{"time":"2025-08-12T15:35:48.6581658-05:00","level":"INFO","msg":"gRPC listening :50051"}
{"time":"2025-08-12T15:36:00.5701921-05:00","level":"INFO","source":{"function":"github.com/tagoKoder/clinic/internal/handler.(*ExampleHandler).GetExample","file":"C:/Users/tagoa/OneDrive/Escritorio/Portfolio/microservice-workspace/clinic/internal/handler/example_handler.go","line":30},"msg":"GetExample called","trace_id":"8ef0c1855b0382b782c028b563304283","span_id":"dcb18ec41b33fed0","example_id":"Tago5 error"}
{"time":"2025-08-12T15:36:00.5757681-05:00","level":"ERROR","source":{"function":"github.com/tagoKoder/clinic/internal/adapter/observability.UnaryServerSentry.func1","file":"C:/Users/tagoa/OneDrive/Escritorio/Portfolio/microservice-workspace/clinic/internal/adapter/observability/sentry_grpc.go","line":139},"msg":"reported to sentry","trace_id":"8ef0c1855b0382b782c028b563304283","span_id":"dcb18ec41b33fed0","sentry_event_id":"aa4e271f457d452c9f7ab231807ccb19"}
{"time":"2025-08-12T16:13:05.2570939-05:00","level":"INFO","msg":"gRPC listening :50051"}
{"time":"2025-08-12T16:13:24.5175708-05:00","level":"INFO","source":{"function":"github.com/tagoKoder/clinic/internal/handler.(*ExampleHandler).GetExample","file":"C:/Users/tagoa/OneDrive/Escritorio/Portfolio/microservice-workspace/clinic/internal/handler/example_handler.go","line":30},"msg":"GetExample called","trace_id":"991652e1d2fd5bf719e06ea5a2921b6c","span_id":"5f55c0962dd99e17","example_id":"Tago6 error"}
{"time":"2025-08-12T16:13:24.5214878-05:00","level":"ERROR","source":{"function":"github.com/tagoKoder/clinic/internal/adapter/observability.UnaryServerSentry.func1","file":"C:/Users/tagoa/OneDrive/Escritorio/Portfolio/microservice-workspace/clinic/internal/adapter/observability/sentry_grpc.go","line":139},"msg":"reported to sentry","trace_id":"991652e1d2fd5bf719e06ea5a2921b6c","span_id":"5f55c0962dd99e17","sentry_event_id":"41fc96f63a6c483a95e5b498a41a45a5"}
{"time":"2025-08-12T16:26:06.238521-05:00","level":"INFO","msg":"gRPC listening :50051"}
{"time":"2025-08-12T16:27:12.3237001-05:00","level":"INFO","msg":"gRPC listening :50051"}
{"time":"2025-08-12T16:27:34.6258327-05:00","level":"INFO","source":{"function":"github.com/tagoKoder/clinic/internal/handler.(*ExampleHandler).GetExample","file":"C:/Users/tagoa/OneDrive/Escritorio/Portfolio/microservice-workspace/clinic/internal/handler/example_handler.go","line":33},"msg":"GetExample called","trace_id":"5f40a9f5cef7229d0c0af4d4ce129081","span_id":"35366fd83a2a96ac","example_id":"Tago7 error"}
{"time":"2025-08-12T16:27:34.6319541-05:00","level":"ERROR","source":{"function":"github.com/tagoKoder/clinic/internal/adapter/observability.UnaryServerSentry.func1","file":"C:/Users/tagoa/OneDrive/Escritorio/Portfolio/microservice-workspace/clinic/internal/adapter/observability/sentry_grpc.go","line":139},"msg":"reported to sentry","trace_id":"5f40a9f5cef7229d0c0af4d4ce129081","span_id":"35366fd83a2a96ac","sentry_event_id":"8db9bb4e3f394667a85b383f8aaa75c2"}
{"time":"2025-08-12T16:40:12.3958901-05:00","level":"INFO","msg":"gRPC listening :50051"}
{"time":"2025-08-12T16:40:46.296629-05:00","level":"INFO","source":{"function":"github.com/tagoKoder/clinic/internal/handler.(*ExampleHandler).GetExample","file":"C:/Users/tagoa/OneDrive/Escritorio/Portfolio/microservice-workspace/clinic/internal/handler/example_handler.go","line":31},"msg":"GetExample called","trace_id":"08c7a5e7654c4af984dccfae268153c5","span_id":"2ad7a872220c1505","example_id":"Tago8 error"}
{"time":"2025-08-12T16:40:46.3004683-05:00","level":"ERROR","source":{"function":"github.com/tagoKoder/clinic/internal/adapter/observability.UnaryServerSentry.func1","file":"C:/Users/tagoa/OneDrive/Escritorio/Portfolio/microservice-workspace/clinic/internal/adapter/observability/sentry_grpc.go","line":139},"msg":"reported to sentry","trace_id":"08c7a5e7654c4af984dccfae268153c5","span_id":"2ad7a872220c1505","sentry_event_id":"0655abcda7aa48da83f7cb5e7be00156"}
{"time":"2025-08-12T17:29:56.3345899-05:00","level":"INFO","msg":"gRPC listening :50051"}
{"time":"2025-08-12T17:33:04.6510853-05:00","level":"INFO","source":{"function":"github.com/tagoKoder/clinic/internal/handler.(*ExampleHandler).GetExample","file":"C:/Users/tagoa/OneDrive/Escritorio/Portfolio/microservice-workspace/clinic/internal/handler/example_handler.go","line":30},"msg":"GetExample called","trace_id":"aa133a5f43dc0a15da05bdb4f8fef965","span_id":"d1d49b8c65759114","example_id":"Tago9 error"}
{"time":"2025-08-12T17:33:04.6510853-05:00","level":"ERROR","source":{"function":"github.com/tagoKoder/clinic/internal/handler.(*ExampleHandler).GetExample","file":"C:/Users/tagoa/OneDrive/Escritorio/Portfolio/microservice-workspace/clinic/internal/handler/example_handler.go","line":35},"msg":"Internal server error simulated: id=Tago9 error","trace_id":"aa133a5f43dc0a15da05bdb4f8fef965","span_id":"d1d49b8c65759114"}
